<?xml version="1.0" encoding="UTF-8"?>
<robot generator="Robot 3.1.2 (Python 3.8.0 on win32)" generated="20191209 15:03:33.573" rpa="false">
<suite id="s1" name="Login Tests" source="C:\Users\sara\PycharmProjects\DEMO_Robot\login_tests">
<suite id="s1-s1" name="Gherkin Login" source="C:\Users\sara\PycharmProjects\DEMO_Robot\login_tests\gherkin_login.robot">
<test id="s1-s1-t1" name="Valid Login">
<kw name="Given browser is opened to login page">
<kw name="Open Browser To Login Page" library="resource">
<kw name="Open Browser" library="SeleniumLibrary">
<doc>Opens a new browser instance to the optional ``url``.</doc>
<arguments>
<arg>${LOGIN URL}</arg>
<arg>${BROWSER}</arg>
</arguments>
<msg timestamp="20191209 15:03:33.775" level="INFO">Opening browser 'Firefox' to base url 'http://localhost:7272/'.</msg>
<msg timestamp="20191209 15:03:33.782" level="INFO">Firefox driver log is always forced to to: C:\Users\sara\PycharmProjects\DEMO_Robot\geckodriver-1.log</msg>
<status status="PASS" starttime="20191209 15:03:33.774" endtime="20191209 15:03:39.344"></status>
</kw>
<kw name="Maximize Browser Window" library="SeleniumLibrary">
<doc>Maximizes current browser window.</doc>
<status status="PASS" starttime="20191209 15:03:39.344" endtime="20191209 15:03:39.601"></status>
</kw>
<kw name="Set Selenium Speed" library="SeleniumLibrary">
<doc>Sets the delay that is waited after each Selenium command.</doc>
<arguments>
<arg>${DELAY}</arg>
</arguments>
<status status="PASS" starttime="20191209 15:03:39.602" endtime="20191209 15:03:39.602"></status>
</kw>
<kw name="Login Page Should Be Open" library="resource">
<kw name="Title Should Be" library="SeleniumLibrary">
<doc>Verifies that the current page title equals ``title``.</doc>
<arguments>
<arg>Login Page</arg>
</arguments>
<msg timestamp="20191209 15:03:39.604" level="INFO">Page title is 'Login Page'.</msg>
<status status="PASS" starttime="20191209 15:03:39.602" endtime="20191209 15:03:39.604"></status>
</kw>
<status status="PASS" starttime="20191209 15:03:39.602" endtime="20191209 15:03:39.604"></status>
</kw>
<status status="PASS" starttime="20191209 15:03:33.773" endtime="20191209 15:03:39.604"></status>
</kw>
<status status="PASS" starttime="20191209 15:03:33.772" endtime="20191209 15:03:39.604"></status>
</kw>
<kw name="When user &quot;demo&quot; logs in with password &quot;mode&quot;">
<kw name="Input Username" library="resource">
<arguments>
<arg>${username}</arg>
</arguments>
<kw name="Input Text" library="SeleniumLibrary">
<doc>Types the given ``text`` into the text field identified by ``locator``.</doc>
<arguments>
<arg>username_field</arg>
<arg>${username}</arg>
</arguments>
<msg timestamp="20191209 15:03:39.606" level="INFO">Typing text 'demo' into text field 'username_field'.</msg>
<status status="PASS" starttime="20191209 15:03:39.606" endtime="20191209 15:03:39.633"></status>
</kw>
<status status="PASS" starttime="20191209 15:03:39.605" endtime="20191209 15:03:39.634"></status>
</kw>
<kw name="Input Password" library="resource">
<arguments>
<arg>${password}</arg>
</arguments>
<kw name="Input Text" library="SeleniumLibrary">
<doc>Types the given ``text`` into the text field identified by ``locator``.</doc>
<arguments>
<arg>password_field</arg>
<arg>${password}</arg>
</arguments>
<msg timestamp="20191209 15:03:39.635" level="INFO">Typing text 'mode' into text field 'password_field'.</msg>
<status status="PASS" starttime="20191209 15:03:39.634" endtime="20191209 15:03:39.654"></status>
</kw>
<status status="PASS" starttime="20191209 15:03:39.634" endtime="20191209 15:03:39.654"></status>
</kw>
<kw name="Submit Credentials" library="resource">
<kw name="Click Button" library="SeleniumLibrary">
<doc>Clicks the button identified by ``locator``.</doc>
<arguments>
<arg>login_button</arg>
</arguments>
<msg timestamp="20191209 15:03:39.655" level="INFO">Clicking button 'login_button'.</msg>
<status status="PASS" starttime="20191209 15:03:39.654" endtime="20191209 15:03:39.695"></status>
</kw>
<status status="PASS" starttime="20191209 15:03:39.654" endtime="20191209 15:03:39.695"></status>
</kw>
<status status="PASS" starttime="20191209 15:03:39.605" endtime="20191209 15:03:39.695"></status>
</kw>
<kw name="Then welcome page should be open" library="resource">
<kw name="Location Should Be" library="SeleniumLibrary">
<doc>Verifies that the current URL is exactly ``url``.</doc>
<arguments>
<arg>${WELCOME URL}</arg>
</arguments>
<msg timestamp="20191209 15:03:39.697" level="INFO">Current location is 'http://localhost:7272/welcome.html'.</msg>
<status status="PASS" starttime="20191209 15:03:39.696" endtime="20191209 15:03:39.697"></status>
</kw>
<kw name="Title Should Be" library="SeleniumLibrary">
<doc>Verifies that the current page title equals ``title``.</doc>
<arguments>
<arg>Welcome Page</arg>
</arguments>
<msg timestamp="20191209 15:03:39.699" level="INFO">Page title is 'Welcome Page'.</msg>
<status status="PASS" starttime="20191209 15:03:39.698" endtime="20191209 15:03:39.699"></status>
</kw>
<status status="PASS" starttime="20191209 15:03:39.695" endtime="20191209 15:03:39.699"></status>
</kw>
<kw name="Close Browser" library="SeleniumLibrary" type="teardown">
<doc>Closes the current browser.</doc>
<status status="PASS" starttime="20191209 15:03:39.700" endtime="20191209 15:03:40.345"></status>
</kw>
<status status="PASS" starttime="20191209 15:03:33.767" endtime="20191209 15:03:40.346" critical="yes"></status>
</test>
<doc>A test suite with a single Gherkin style test.

This test is functionally identical to the example in
valid_login.robot file.</doc>
<status status="PASS" starttime="20191209 15:03:33.598" endtime="20191209 15:03:40.347"></status>
</suite>
<suite id="s1-s2" name="Invalid Login" source="C:\Users\sara\PycharmProjects\DEMO_Robot\login_tests\invalid_login.robot">
<kw name="Open Browser To Login Page" library="resource" type="setup">
<kw name="Open Browser" library="SeleniumLibrary">
<doc>Opens a new browser instance to the optional ``url``.</doc>
<arguments>
<arg>${LOGIN URL}</arg>
<arg>${BROWSER}</arg>
</arguments>
<msg timestamp="20191209 15:03:40.354" level="INFO">Opening browser 'Firefox' to base url 'http://localhost:7272/'.</msg>
<msg timestamp="20191209 15:03:40.354" level="INFO">Firefox driver log is always forced to to: C:\Users\sara\PycharmProjects\DEMO_Robot\geckodriver-2.log</msg>
<status status="PASS" starttime="20191209 15:03:40.353" endtime="20191209 15:03:45.813"></status>
</kw>
<kw name="Maximize Browser Window" library="SeleniumLibrary">
<doc>Maximizes current browser window.</doc>
<status status="PASS" starttime="20191209 15:03:45.813" endtime="20191209 15:03:46.085"></status>
</kw>
<kw name="Set Selenium Speed" library="SeleniumLibrary">
<doc>Sets the delay that is waited after each Selenium command.</doc>
<arguments>
<arg>${DELAY}</arg>
</arguments>
<status status="PASS" starttime="20191209 15:03:46.085" endtime="20191209 15:03:46.085"></status>
</kw>
<kw name="Login Page Should Be Open" library="resource">
<kw name="Title Should Be" library="SeleniumLibrary">
<doc>Verifies that the current page title equals ``title``.</doc>
<arguments>
<arg>Login Page</arg>
</arguments>
<msg timestamp="20191209 15:03:46.087" level="INFO">Page title is 'Login Page'.</msg>
<status status="PASS" starttime="20191209 15:03:46.086" endtime="20191209 15:03:46.087"></status>
</kw>
<status status="PASS" starttime="20191209 15:03:46.085" endtime="20191209 15:03:46.088"></status>
</kw>
<status status="PASS" starttime="20191209 15:03:40.353" endtime="20191209 15:03:46.088"></status>
</kw>
<test id="s1-s2-t1" name="Invalid Username">
<kw name="Go To Login Page" library="resource" type="setup">
<kw name="Go To" library="SeleniumLibrary">
<doc>Navigates the current browser window to the provided ``url``.</doc>
<arguments>
<arg>${LOGIN URL}</arg>
</arguments>
<msg timestamp="20191209 15:03:46.089" level="INFO">Opening url 'http://localhost:7272/'</msg>
<status status="PASS" starttime="20191209 15:03:46.088" endtime="20191209 15:03:46.108"></status>
</kw>
<kw name="Login Page Should Be Open" library="resource">
<kw name="Title Should Be" library="SeleniumLibrary">
<doc>Verifies that the current page title equals ``title``.</doc>
<arguments>
<arg>Login Page</arg>
</arguments>
<msg timestamp="20191209 15:03:46.111" level="INFO">Page title is 'Login Page'.</msg>
<status status="PASS" starttime="20191209 15:03:46.109" endtime="20191209 15:03:46.111"></status>
</kw>
<status status="PASS" starttime="20191209 15:03:46.109" endtime="20191209 15:03:46.111"></status>
</kw>
<status status="PASS" starttime="20191209 15:03:46.088" endtime="20191209 15:03:46.111"></status>
</kw>
<kw name="Login With Invalid Credentials Should Fail">
<arguments>
<arg>invalid</arg>
<arg>${VALID PASSWORD}</arg>
</arguments>
<kw name="Input Username" library="resource">
<arguments>
<arg>${username}</arg>
</arguments>
<kw name="Input Text" library="SeleniumLibrary">
<doc>Types the given ``text`` into the text field identified by ``locator``.</doc>
<arguments>
<arg>username_field</arg>
<arg>${username}</arg>
</arguments>
<msg timestamp="20191209 15:03:46.113" level="INFO">Typing text 'invalid' into text field 'username_field'.</msg>
<status status="PASS" starttime="20191209 15:03:46.112" endtime="20191209 15:03:46.150"></status>
</kw>
<status status="PASS" starttime="20191209 15:03:46.112" endtime="20191209 15:03:46.150"></status>
</kw>
<kw name="Input Password" library="resource">
<arguments>
<arg>${password}</arg>
</arguments>
<kw name="Input Text" library="SeleniumLibrary">
<doc>Types the given ``text`` into the text field identified by ``locator``.</doc>
<arguments>
<arg>password_field</arg>
<arg>${password}</arg>
</arguments>
<msg timestamp="20191209 15:03:46.151" level="INFO">Typing text 'mode' into text field 'password_field'.</msg>
<status status="PASS" starttime="20191209 15:03:46.151" endtime="20191209 15:03:46.173"></status>
</kw>
<status status="PASS" starttime="20191209 15:03:46.150" endtime="20191209 15:03:46.173"></status>
</kw>
<kw name="Submit Credentials" library="resource">
<kw name="Click Button" library="SeleniumLibrary">
<doc>Clicks the button identified by ``locator``.</doc>
<arguments>
<arg>login_button</arg>
</arguments>
<msg timestamp="20191209 15:03:46.175" level="INFO">Clicking button 'login_button'.</msg>
<status status="PASS" starttime="20191209 15:03:46.174" endtime="20191209 15:03:46.231"></status>
</kw>
<status status="PASS" starttime="20191209 15:03:46.174" endtime="20191209 15:03:46.231"></status>
</kw>
<kw name="Login Should Have Failed">
<kw name="Location Should Be" library="SeleniumLibrary">
<doc>Verifies that the current URL is exactly ``url``.</doc>
<arguments>
<arg>${ERROR URL}</arg>
</arguments>
<msg timestamp="20191209 15:03:46.233" level="INFO">Current location is 'http://localhost:7272/error.html'.</msg>
<status status="PASS" starttime="20191209 15:03:46.231" endtime="20191209 15:03:46.233"></status>
</kw>
<kw name="Title Should Be" library="SeleniumLibrary">
<doc>Verifies that the current page title equals ``title``.</doc>
<arguments>
<arg>Error Page</arg>
</arguments>
<msg timestamp="20191209 15:03:46.240" level="INFO">Page title is 'Error Page'.</msg>
<status status="PASS" starttime="20191209 15:03:46.233" endtime="20191209 15:03:46.240"></status>
</kw>
<status status="PASS" starttime="20191209 15:03:46.231" endtime="20191209 15:03:46.240"></status>
</kw>
<status status="PASS" starttime="20191209 15:03:46.112" endtime="20191209 15:03:46.240"></status>
</kw>
<status status="PASS" starttime="20191209 15:03:46.088" endtime="20191209 15:03:46.241" critical="yes"></status>
</test>
<test id="s1-s2-t2" name="Invalid Password">
<kw name="Go To Login Page" library="resource" type="setup">
<kw name="Go To" library="SeleniumLibrary">
<doc>Navigates the current browser window to the provided ``url``.</doc>
<arguments>
<arg>${LOGIN URL}</arg>
</arguments>
<msg timestamp="20191209 15:03:46.243" level="INFO">Opening url 'http://localhost:7272/'</msg>
<status status="PASS" starttime="20191209 15:03:46.242" endtime="20191209 15:03:46.273"></status>
</kw>
<kw name="Login Page Should Be Open" library="resource">
<kw name="Title Should Be" library="SeleniumLibrary">
<doc>Verifies that the current page title equals ``title``.</doc>
<arguments>
<arg>Login Page</arg>
</arguments>
<msg timestamp="20191209 15:03:46.277" level="INFO">Page title is 'Login Page'.</msg>
<status status="PASS" starttime="20191209 15:03:46.274" endtime="20191209 15:03:46.277"></status>
</kw>
<status status="PASS" starttime="20191209 15:03:46.273" endtime="20191209 15:03:46.277"></status>
</kw>
<status status="PASS" starttime="20191209 15:03:46.242" endtime="20191209 15:03:46.277"></status>
</kw>
<kw name="Login With Invalid Credentials Should Fail">
<arguments>
<arg>${VALID USER}</arg>
<arg>invalid</arg>
</arguments>
<kw name="Input Username" library="resource">
<arguments>
<arg>${username}</arg>
</arguments>
<kw name="Input Text" library="SeleniumLibrary">
<doc>Types the given ``text`` into the text field identified by ``locator``.</doc>
<arguments>
<arg>username_field</arg>
<arg>${username}</arg>
</arguments>
<msg timestamp="20191209 15:03:46.278" level="INFO">Typing text 'demo' into text field 'username_field'.</msg>
<status status="PASS" starttime="20191209 15:03:46.278" endtime="20191209 15:03:46.299"></status>
</kw>
<status status="PASS" starttime="20191209 15:03:46.278" endtime="20191209 15:03:46.300"></status>
</kw>
<kw name="Input Password" library="resource">
<arguments>
<arg>${password}</arg>
</arguments>
<kw name="Input Text" library="SeleniumLibrary">
<doc>Types the given ``text`` into the text field identified by ``locator``.</doc>
<arguments>
<arg>password_field</arg>
<arg>${password}</arg>
</arguments>
<msg timestamp="20191209 15:03:46.301" level="INFO">Typing text 'invalid' into text field 'password_field'.</msg>
<status status="PASS" starttime="20191209 15:03:46.300" endtime="20191209 15:03:46.328"></status>
</kw>
<status status="PASS" starttime="20191209 15:03:46.300" endtime="20191209 15:03:46.328"></status>
</kw>
<kw name="Submit Credentials" library="resource">
<kw name="Click Button" library="SeleniumLibrary">
<doc>Clicks the button identified by ``locator``.</doc>
<arguments>
<arg>login_button</arg>
</arguments>
<msg timestamp="20191209 15:03:46.329" level="INFO">Clicking button 'login_button'.</msg>
<status status="PASS" starttime="20191209 15:03:46.328" endtime="20191209 15:03:46.362"></status>
</kw>
<status status="PASS" starttime="20191209 15:03:46.328" endtime="20191209 15:03:46.363"></status>
</kw>
<kw name="Login Should Have Failed">
<kw name="Location Should Be" library="SeleniumLibrary">
<doc>Verifies that the current URL is exactly ``url``.</doc>
<arguments>
<arg>${ERROR URL}</arg>
</arguments>
<msg timestamp="20191209 15:03:46.365" level="INFO">Current location is 'http://localhost:7272/error.html'.</msg>
<status status="PASS" starttime="20191209 15:03:46.363" endtime="20191209 15:03:46.365"></status>
</kw>
<kw name="Title Should Be" library="SeleniumLibrary">
<doc>Verifies that the current page title equals ``title``.</doc>
<arguments>
<arg>Error Page</arg>
</arguments>
<msg timestamp="20191209 15:03:46.366" level="INFO">Page title is 'Error Page'.</msg>
<status status="PASS" starttime="20191209 15:03:46.365" endtime="20191209 15:03:46.366"></status>
</kw>
<status status="PASS" starttime="20191209 15:03:46.363" endtime="20191209 15:03:46.367"></status>
</kw>
<status status="PASS" starttime="20191209 15:03:46.278" endtime="20191209 15:03:46.367"></status>
</kw>
<status status="PASS" starttime="20191209 15:03:46.242" endtime="20191209 15:03:46.368" critical="yes"></status>
</test>
<test id="s1-s2-t3" name="Invalid Username And Password">
<kw name="Go To Login Page" library="resource" type="setup">
<kw name="Go To" library="SeleniumLibrary">
<doc>Navigates the current browser window to the provided ``url``.</doc>
<arguments>
<arg>${LOGIN URL}</arg>
</arguments>
<msg timestamp="20191209 15:03:46.370" level="INFO">Opening url 'http://localhost:7272/'</msg>
<status status="PASS" starttime="20191209 15:03:46.369" endtime="20191209 15:03:46.396"></status>
</kw>
<kw name="Login Page Should Be Open" library="resource">
<kw name="Title Should Be" library="SeleniumLibrary">
<doc>Verifies that the current page title equals ``title``.</doc>
<arguments>
<arg>Login Page</arg>
</arguments>
<msg timestamp="20191209 15:03:46.398" level="INFO">Page title is 'Login Page'.</msg>
<status status="PASS" starttime="20191209 15:03:46.396" endtime="20191209 15:03:46.398"></status>
</kw>
<status status="PASS" starttime="20191209 15:03:46.396" endtime="20191209 15:03:46.398"></status>
</kw>
<status status="PASS" starttime="20191209 15:03:46.369" endtime="20191209 15:03:46.398"></status>
</kw>
<kw name="Login With Invalid Credentials Should Fail">
<arguments>
<arg>invalid</arg>
<arg>whatever</arg>
</arguments>
<kw name="Input Username" library="resource">
<arguments>
<arg>${username}</arg>
</arguments>
<kw name="Input Text" library="SeleniumLibrary">
<doc>Types the given ``text`` into the text field identified by ``locator``.</doc>
<arguments>
<arg>username_field</arg>
<arg>${username}</arg>
</arguments>
<msg timestamp="20191209 15:03:46.399" level="INFO">Typing text 'invalid' into text field 'username_field'.</msg>
<status status="PASS" starttime="20191209 15:03:46.399" endtime="20191209 15:03:46.429"></status>
</kw>
<status status="PASS" starttime="20191209 15:03:46.399" endtime="20191209 15:03:46.430"></status>
</kw>
<kw name="Input Password" library="resource">
<arguments>
<arg>${password}</arg>
</arguments>
<kw name="Input Text" library="SeleniumLibrary">
<doc>Types the given ``text`` into the text field identified by ``locator``.</doc>
<arguments>
<arg>password_field</arg>
<arg>${password}</arg>
</arguments>
<msg timestamp="20191209 15:03:46.431" level="INFO">Typing text 'whatever' into text field 'password_field'.</msg>
<status status="PASS" starttime="20191209 15:03:46.430" endtime="20191209 15:03:46.452"></status>
</kw>
<status status="PASS" starttime="20191209 15:03:46.430" endtime="20191209 15:03:46.453"></status>
</kw>
<kw name="Submit Credentials" library="resource">
<kw name="Click Button" library="SeleniumLibrary">
<doc>Clicks the button identified by ``locator``.</doc>
<arguments>
<arg>login_button</arg>
</arguments>
<msg timestamp="20191209 15:03:46.453" level="INFO">Clicking button 'login_button'.</msg>
<status status="PASS" starttime="20191209 15:03:46.453" endtime="20191209 15:03:46.479"></status>
</kw>
<status status="PASS" starttime="20191209 15:03:46.453" endtime="20191209 15:03:46.479"></status>
</kw>
<kw name="Login Should Have Failed">
<kw name="Location Should Be" library="SeleniumLibrary">
<doc>Verifies that the current URL is exactly ``url``.</doc>
<arguments>
<arg>${ERROR URL}</arg>
</arguments>
<msg timestamp="20191209 15:03:46.481" level="INFO">Current location is 'http://localhost:7272/error.html'.</msg>
<status status="PASS" starttime="20191209 15:03:46.479" endtime="20191209 15:03:46.481"></status>
</kw>
<kw name="Title Should Be" library="SeleniumLibrary">
<doc>Verifies that the current page title equals ``title``.</doc>
<arguments>
<arg>Error Page</arg>
</arguments>
<msg timestamp="20191209 15:03:46.482" level="INFO">Page title is 'Error Page'.</msg>
<status status="PASS" starttime="20191209 15:03:46.481" endtime="20191209 15:03:46.482"></status>
</kw>
<status status="PASS" starttime="20191209 15:03:46.479" endtime="20191209 15:03:46.482"></status>
</kw>
<status status="PASS" starttime="20191209 15:03:46.399" endtime="20191209 15:03:46.482"></status>
</kw>
<status status="PASS" starttime="20191209 15:03:46.369" endtime="20191209 15:03:46.483" critical="yes"></status>
</test>
<test id="s1-s2-t4" name="Empty Username">
<kw name="Go To Login Page" library="resource" type="setup">
<kw name="Go To" library="SeleniumLibrary">
<doc>Navigates the current browser window to the provided ``url``.</doc>
<arguments>
<arg>${LOGIN URL}</arg>
</arguments>
<msg timestamp="20191209 15:03:46.485" level="INFO">Opening url 'http://localhost:7272/'</msg>
<status status="PASS" starttime="20191209 15:03:46.484" endtime="20191209 15:03:46.510"></status>
</kw>
<kw name="Login Page Should Be Open" library="resource">
<kw name="Title Should Be" library="SeleniumLibrary">
<doc>Verifies that the current page title equals ``title``.</doc>
<arguments>
<arg>Login Page</arg>
</arguments>
<msg timestamp="20191209 15:03:46.513" level="INFO">Page title is 'Login Page'.</msg>
<status status="PASS" starttime="20191209 15:03:46.511" endtime="20191209 15:03:46.513"></status>
</kw>
<status status="PASS" starttime="20191209 15:03:46.510" endtime="20191209 15:03:46.513"></status>
</kw>
<status status="PASS" starttime="20191209 15:03:46.484" endtime="20191209 15:03:46.513"></status>
</kw>
<kw name="Login With Invalid Credentials Should Fail">
<arguments>
<arg>${EMPTY}</arg>
<arg>${VALID PASSWORD}</arg>
</arguments>
<kw name="Input Username" library="resource">
<arguments>
<arg>${username}</arg>
</arguments>
<kw name="Input Text" library="SeleniumLibrary">
<doc>Types the given ``text`` into the text field identified by ``locator``.</doc>
<arguments>
<arg>username_field</arg>
<arg>${username}</arg>
</arguments>
<msg timestamp="20191209 15:03:46.515" level="INFO">Typing text '' into text field 'username_field'.</msg>
<status status="PASS" starttime="20191209 15:03:46.514" endtime="20191209 15:03:46.532"></status>
</kw>
<status status="PASS" starttime="20191209 15:03:46.514" endtime="20191209 15:03:46.532"></status>
</kw>
<kw name="Input Password" library="resource">
<arguments>
<arg>${password}</arg>
</arguments>
<kw name="Input Text" library="SeleniumLibrary">
<doc>Types the given ``text`` into the text field identified by ``locator``.</doc>
<arguments>
<arg>password_field</arg>
<arg>${password}</arg>
</arguments>
<msg timestamp="20191209 15:03:46.533" level="INFO">Typing text 'mode' into text field 'password_field'.</msg>
<status status="PASS" starttime="20191209 15:03:46.532" endtime="20191209 15:03:46.557"></status>
</kw>
<status status="PASS" starttime="20191209 15:03:46.532" endtime="20191209 15:03:46.557"></status>
</kw>
<kw name="Submit Credentials" library="resource">
<kw name="Click Button" library="SeleniumLibrary">
<doc>Clicks the button identified by ``locator``.</doc>
<arguments>
<arg>login_button</arg>
</arguments>
<msg timestamp="20191209 15:03:46.558" level="INFO">Clicking button 'login_button'.</msg>
<status status="PASS" starttime="20191209 15:03:46.558" endtime="20191209 15:03:46.583"></status>
</kw>
<status status="PASS" starttime="20191209 15:03:46.558" endtime="20191209 15:03:46.583"></status>
</kw>
<kw name="Login Should Have Failed">
<kw name="Location Should Be" library="SeleniumLibrary">
<doc>Verifies that the current URL is exactly ``url``.</doc>
<arguments>
<arg>${ERROR URL}</arg>
</arguments>
<msg timestamp="20191209 15:03:46.589" level="INFO">Current location is 'http://localhost:7272/error.html'.</msg>
<status status="PASS" starttime="20191209 15:03:46.583" endtime="20191209 15:03:46.590"></status>
</kw>
<kw name="Title Should Be" library="SeleniumLibrary">
<doc>Verifies that the current page title equals ``title``.</doc>
<arguments>
<arg>Error Page</arg>
</arguments>
<msg timestamp="20191209 15:03:46.591" level="INFO">Page title is 'Error Page'.</msg>
<status status="PASS" starttime="20191209 15:03:46.590" endtime="20191209 15:03:46.592"></status>
</kw>
<status status="PASS" starttime="20191209 15:03:46.583" endtime="20191209 15:03:46.592"></status>
</kw>
<status status="PASS" starttime="20191209 15:03:46.514" endtime="20191209 15:03:46.592"></status>
</kw>
<status status="PASS" starttime="20191209 15:03:46.483" endtime="20191209 15:03:46.592" critical="yes"></status>
</test>
<test id="s1-s2-t5" name="Empty Password">
<kw name="Go To Login Page" library="resource" type="setup">
<kw name="Go To" library="SeleniumLibrary">
<doc>Navigates the current browser window to the provided ``url``.</doc>
<arguments>
<arg>${LOGIN URL}</arg>
</arguments>
<msg timestamp="20191209 15:03:46.594" level="INFO">Opening url 'http://localhost:7272/'</msg>
<status status="PASS" starttime="20191209 15:03:46.593" endtime="20191209 15:03:46.617"></status>
</kw>
<kw name="Login Page Should Be Open" library="resource">
<kw name="Title Should Be" library="SeleniumLibrary">
<doc>Verifies that the current page title equals ``title``.</doc>
<arguments>
<arg>Login Page</arg>
</arguments>
<msg timestamp="20191209 15:03:46.622" level="INFO">Page title is 'Login Page'.</msg>
<status status="PASS" starttime="20191209 15:03:46.618" endtime="20191209 15:03:46.622"></status>
</kw>
<status status="PASS" starttime="20191209 15:03:46.617" endtime="20191209 15:03:46.622"></status>
</kw>
<status status="PASS" starttime="20191209 15:03:46.593" endtime="20191209 15:03:46.622"></status>
</kw>
<kw name="Login With Invalid Credentials Should Fail">
<arguments>
<arg>${VALID USER}</arg>
<arg>${EMPTY}</arg>
</arguments>
<kw name="Input Username" library="resource">
<arguments>
<arg>${username}</arg>
</arguments>
<kw name="Input Text" library="SeleniumLibrary">
<doc>Types the given ``text`` into the text field identified by ``locator``.</doc>
<arguments>
<arg>username_field</arg>
<arg>${username}</arg>
</arguments>
<msg timestamp="20191209 15:03:46.624" level="INFO">Typing text 'demo' into text field 'username_field'.</msg>
<status status="PASS" starttime="20191209 15:03:46.624" endtime="20191209 15:03:46.644"></status>
</kw>
<status status="PASS" starttime="20191209 15:03:46.623" endtime="20191209 15:03:46.645"></status>
</kw>
<kw name="Input Password" library="resource">
<arguments>
<arg>${password}</arg>
</arguments>
<kw name="Input Text" library="SeleniumLibrary">
<doc>Types the given ``text`` into the text field identified by ``locator``.</doc>
<arguments>
<arg>password_field</arg>
<arg>${password}</arg>
</arguments>
<msg timestamp="20191209 15:03:46.645" level="INFO">Typing text '' into text field 'password_field'.</msg>
<status status="PASS" starttime="20191209 15:03:46.645" endtime="20191209 15:03:46.662"></status>
</kw>
<status status="PASS" starttime="20191209 15:03:46.645" endtime="20191209 15:03:46.662"></status>
</kw>
<kw name="Submit Credentials" library="resource">
<kw name="Click Button" library="SeleniumLibrary">
<doc>Clicks the button identified by ``locator``.</doc>
<arguments>
<arg>login_button</arg>
</arguments>
<msg timestamp="20191209 15:03:46.663" level="INFO">Clicking button 'login_button'.</msg>
<status status="PASS" starttime="20191209 15:03:46.663" endtime="20191209 15:03:46.689"></status>
</kw>
<status status="PASS" starttime="20191209 15:03:46.662" endtime="20191209 15:03:46.689"></status>
</kw>
<kw name="Login Should Have Failed">
<kw name="Location Should Be" library="SeleniumLibrary">
<doc>Verifies that the current URL is exactly ``url``.</doc>
<arguments>
<arg>${ERROR URL}</arg>
</arguments>
<msg timestamp="20191209 15:03:46.691" level="INFO">Current location is 'http://localhost:7272/error.html'.</msg>
<status status="PASS" starttime="20191209 15:03:46.690" endtime="20191209 15:03:46.691"></status>
</kw>
<kw name="Title Should Be" library="SeleniumLibrary">
<doc>Verifies that the current page title equals ``title``.</doc>
<arguments>
<arg>Error Page</arg>
</arguments>
<msg timestamp="20191209 15:03:46.693" level="INFO">Page title is 'Error Page'.</msg>
<status status="PASS" starttime="20191209 15:03:46.691" endtime="20191209 15:03:46.693"></status>
</kw>
<status status="PASS" starttime="20191209 15:03:46.690" endtime="20191209 15:03:46.693"></status>
</kw>
<status status="PASS" starttime="20191209 15:03:46.623" endtime="20191209 15:03:46.693"></status>
</kw>
<status status="PASS" starttime="20191209 15:03:46.593" endtime="20191209 15:03:46.693" critical="yes"></status>
</test>
<test id="s1-s2-t6" name="Empty Username And Password">
<kw name="Go To Login Page" library="resource" type="setup">
<kw name="Go To" library="SeleniumLibrary">
<doc>Navigates the current browser window to the provided ``url``.</doc>
<arguments>
<arg>${LOGIN URL}</arg>
</arguments>
<msg timestamp="20191209 15:03:46.694" level="INFO">Opening url 'http://localhost:7272/'</msg>
<status status="PASS" starttime="20191209 15:03:46.694" endtime="20191209 15:03:46.719"></status>
</kw>
<kw name="Login Page Should Be Open" library="resource">
<kw name="Title Should Be" library="SeleniumLibrary">
<doc>Verifies that the current page title equals ``title``.</doc>
<arguments>
<arg>Login Page</arg>
</arguments>
<msg timestamp="20191209 15:03:46.725" level="INFO">Page title is 'Login Page'.</msg>
<status status="PASS" starttime="20191209 15:03:46.723" endtime="20191209 15:03:46.725"></status>
</kw>
<status status="PASS" starttime="20191209 15:03:46.720" endtime="20191209 15:03:46.726"></status>
</kw>
<status status="PASS" starttime="20191209 15:03:46.694" endtime="20191209 15:03:46.726"></status>
</kw>
<kw name="Login With Invalid Credentials Should Fail">
<arguments>
<arg>${EMPTY}</arg>
<arg>${EMPTY}</arg>
</arguments>
<kw name="Input Username" library="resource">
<arguments>
<arg>${username}</arg>
</arguments>
<kw name="Input Text" library="SeleniumLibrary">
<doc>Types the given ``text`` into the text field identified by ``locator``.</doc>
<arguments>
<arg>username_field</arg>
<arg>${username}</arg>
</arguments>
<msg timestamp="20191209 15:03:46.727" level="INFO">Typing text '' into text field 'username_field'.</msg>
<status status="PASS" starttime="20191209 15:03:46.727" endtime="20191209 15:03:46.745"></status>
</kw>
<status status="PASS" starttime="20191209 15:03:46.727" endtime="20191209 15:03:46.745"></status>
</kw>
<kw name="Input Password" library="resource">
<arguments>
<arg>${password}</arg>
</arguments>
<kw name="Input Text" library="SeleniumLibrary">
<doc>Types the given ``text`` into the text field identified by ``locator``.</doc>
<arguments>
<arg>password_field</arg>
<arg>${password}</arg>
</arguments>
<msg timestamp="20191209 15:03:46.745" level="INFO">Typing text '' into text field 'password_field'.</msg>
<status status="PASS" starttime="20191209 15:03:46.745" endtime="20191209 15:03:46.761"></status>
</kw>
<status status="PASS" starttime="20191209 15:03:46.745" endtime="20191209 15:03:46.761"></status>
</kw>
<kw name="Submit Credentials" library="resource">
<kw name="Click Button" library="SeleniumLibrary">
<doc>Clicks the button identified by ``locator``.</doc>
<arguments>
<arg>login_button</arg>
</arguments>
<msg timestamp="20191209 15:03:46.761" level="INFO">Clicking button 'login_button'.</msg>
<status status="PASS" starttime="20191209 15:03:46.761" endtime="20191209 15:03:46.792"></status>
</kw>
<status status="PASS" starttime="20191209 15:03:46.761" endtime="20191209 15:03:46.792"></status>
</kw>
<kw name="Login Should Have Failed">
<kw name="Location Should Be" library="SeleniumLibrary">
<doc>Verifies that the current URL is exactly ``url``.</doc>
<arguments>
<arg>${ERROR URL}</arg>
</arguments>
<msg timestamp="20191209 15:03:46.794" level="INFO">Current location is 'http://localhost:7272/error.html'.</msg>
<status status="PASS" starttime="20191209 15:03:46.792" endtime="20191209 15:03:46.794"></status>
</kw>
<kw name="Title Should Be" library="SeleniumLibrary">
<doc>Verifies that the current page title equals ``title``.</doc>
<arguments>
<arg>Error Page</arg>
</arguments>
<msg timestamp="20191209 15:03:46.795" level="INFO">Page title is 'Error Page'.</msg>
<status status="PASS" starttime="20191209 15:03:46.794" endtime="20191209 15:03:46.795"></status>
</kw>
<status status="PASS" starttime="20191209 15:03:46.792" endtime="20191209 15:03:46.795"></status>
</kw>
<status status="PASS" starttime="20191209 15:03:46.726" endtime="20191209 15:03:46.795"></status>
</kw>
<status status="PASS" starttime="20191209 15:03:46.694" endtime="20191209 15:03:46.796" critical="yes"></status>
</test>
<kw name="Close Browser" library="SeleniumLibrary" type="teardown">
<doc>Closes the current browser.</doc>
<status status="PASS" starttime="20191209 15:03:46.796" endtime="20191209 15:03:47.481"></status>
</kw>
<doc>A test suite containing tests related to invalid login.

These tests are data-driven by their nature. They use a single
keyword, specified with Test Template setting, that is called
with different arguments to cover different scenarios.

This suite also demonstrates using setups and teardowns in
different levels.</doc>
<status status="PASS" starttime="20191209 15:03:40.349" endtime="20191209 15:03:47.481"></status>
</suite>
<suite id="s1-s3" name="Valid Login" source="C:\Users\sara\PycharmProjects\DEMO_Robot\login_tests\valid_login.robot">
<test id="s1-s3-t1" name="Valid Login">
<kw name="Open Browser To Login Page" library="resource">
<kw name="Open Browser" library="SeleniumLibrary">
<doc>Opens a new browser instance to the optional ``url``.</doc>
<arguments>
<arg>${LOGIN URL}</arg>
<arg>${BROWSER}</arg>
</arguments>
<msg timestamp="20191209 15:03:47.487" level="INFO">Opening browser 'Firefox' to base url 'http://localhost:7272/'.</msg>
<msg timestamp="20191209 15:03:47.488" level="INFO">Firefox driver log is always forced to to: C:\Users\sara\PycharmProjects\DEMO_Robot\geckodriver-3.log</msg>
<status status="PASS" starttime="20191209 15:03:47.487" endtime="20191209 15:03:52.477"></status>
</kw>
<kw name="Maximize Browser Window" library="SeleniumLibrary">
<doc>Maximizes current browser window.</doc>
<status status="PASS" starttime="20191209 15:03:52.478" endtime="20191209 15:03:52.739"></status>
</kw>
<kw name="Set Selenium Speed" library="SeleniumLibrary">
<doc>Sets the delay that is waited after each Selenium command.</doc>
<arguments>
<arg>${DELAY}</arg>
</arguments>
<status status="PASS" starttime="20191209 15:03:52.739" endtime="20191209 15:03:52.740"></status>
</kw>
<kw name="Login Page Should Be Open" library="resource">
<kw name="Title Should Be" library="SeleniumLibrary">
<doc>Verifies that the current page title equals ``title``.</doc>
<arguments>
<arg>Login Page</arg>
</arguments>
<msg timestamp="20191209 15:03:52.750" level="INFO">Page title is 'Login Page'.</msg>
<status status="PASS" starttime="20191209 15:03:52.742" endtime="20191209 15:03:52.750"></status>
</kw>
<status status="PASS" starttime="20191209 15:03:52.741" endtime="20191209 15:03:52.751"></status>
</kw>
<status status="PASS" starttime="20191209 15:03:47.487" endtime="20191209 15:03:52.751"></status>
</kw>
<kw name="Input Username" library="resource">
<arguments>
<arg>demo</arg>
</arguments>
<kw name="Input Text" library="SeleniumLibrary">
<doc>Types the given ``text`` into the text field identified by ``locator``.</doc>
<arguments>
<arg>username_field</arg>
<arg>${username}</arg>
</arguments>
<msg timestamp="20191209 15:03:52.756" level="INFO">Typing text 'demo' into text field 'username_field'.</msg>
<status status="PASS" starttime="20191209 15:03:52.755" endtime="20191209 15:03:52.798"></status>
</kw>
<status status="PASS" starttime="20191209 15:03:52.754" endtime="20191209 15:03:52.799"></status>
</kw>
<kw name="Input Password" library="resource">
<arguments>
<arg>mode</arg>
</arguments>
<kw name="Input Text" library="SeleniumLibrary">
<doc>Types the given ``text`` into the text field identified by ``locator``.</doc>
<arguments>
<arg>password_field</arg>
<arg>${password}</arg>
</arguments>
<msg timestamp="20191209 15:03:52.799" level="INFO">Typing text 'mode' into text field 'password_field'.</msg>
<status status="PASS" starttime="20191209 15:03:52.799" endtime="20191209 15:03:52.825"></status>
</kw>
<status status="PASS" starttime="20191209 15:03:52.799" endtime="20191209 15:03:52.825"></status>
</kw>
<kw name="Submit Credentials" library="resource">
<kw name="Click Button" library="SeleniumLibrary">
<doc>Clicks the button identified by ``locator``.</doc>
<arguments>
<arg>login_button</arg>
</arguments>
<msg timestamp="20191209 15:03:52.826" level="INFO">Clicking button 'login_button'.</msg>
<status status="PASS" starttime="20191209 15:03:52.826" endtime="20191209 15:03:52.864"></status>
</kw>
<status status="PASS" starttime="20191209 15:03:52.825" endtime="20191209 15:03:52.864"></status>
</kw>
<kw name="Welcome Page Should Be Open" library="resource">
<kw name="Location Should Be" library="SeleniumLibrary">
<doc>Verifies that the current URL is exactly ``url``.</doc>
<arguments>
<arg>${WELCOME URL}</arg>
</arguments>
<msg timestamp="20191209 15:03:52.866" level="INFO">Current location is 'http://localhost:7272/welcome.html'.</msg>
<status status="PASS" starttime="20191209 15:03:52.864" endtime="20191209 15:03:52.866"></status>
</kw>
<kw name="Title Should Be" library="SeleniumLibrary">
<doc>Verifies that the current page title equals ``title``.</doc>
<arguments>
<arg>Welcome Page</arg>
</arguments>
<msg timestamp="20191209 15:03:52.877" level="INFO">Page title is 'Welcome Page'.</msg>
<status status="PASS" starttime="20191209 15:03:52.866" endtime="20191209 15:03:52.877"></status>
</kw>
<status status="PASS" starttime="20191209 15:03:52.864" endtime="20191209 15:03:52.877"></status>
</kw>
<kw name="Close Browser" library="SeleniumLibrary" type="teardown">
<doc>Closes the current browser.</doc>
<status status="PASS" starttime="20191209 15:03:52.878" endtime="20191209 15:03:53.537"></status>
</kw>
<status status="PASS" starttime="20191209 15:03:47.486" endtime="20191209 15:03:53.538" critical="yes"></status>
</test>
<doc>A test suite with a single test for valid login.

This test has a workflow that is created using keywords in
the imported resource file.</doc>
<status status="PASS" starttime="20191209 15:03:47.483" endtime="20191209 15:03:53.539"></status>
</suite>
<status status="PASS" starttime="20191209 15:03:33.574" endtime="20191209 15:03:53.542"></status>
</suite>
<statistics>
<total>
<stat pass="8" fail="0">Critical Tests</stat>
<stat pass="8" fail="0">All Tests</stat>
</total>
<tag>
</tag>
<suite>
<stat pass="8" fail="0" id="s1" name="Login Tests">Login Tests</stat>
<stat pass="1" fail="0" id="s1-s1" name="Gherkin Login">Login Tests.Gherkin Login</stat>
<stat pass="6" fail="0" id="s1-s2" name="Invalid Login">Login Tests.Invalid Login</stat>
<stat pass="1" fail="0" id="s1-s3" name="Valid Login">Login Tests.Valid Login</stat>
</suite>
</statistics>
<errors>
</errors>
</robot>
